[debug] [2026-06-12T10:38:07.077Z] [Firebase Plugin] Activating Firebase extension.
[debug] [2026-06-12T10:38:07.888Z] [Firebase Plugin] requireAuthWrapper
[debug] [2026-06-12T10:38:07.888Z] > command requires scopes: ["email","openid","https://www.googleapis.com/auth/cloudplatformprojects.readonly","https://www.googleapis.com/auth/firebase","https://www.googleapis.com/auth/cloud-platform"]
[debug] [2026-06-12T10:38:07.888Z] > authorizing via signed-in user (nicolasmacortesgallardo@gmail.com)
[debug] [2026-06-12T10:38:07.889Z] Checked if tokens are valid: true, expires at: 1781264192746
[debug] [2026-06-12T10:38:07.890Z] Checked if tokens are valid: true, expires at: 1781264192746
[debug] [2026-06-12T10:38:07.890Z] [Firebase Plugin] User found:  nicolasmacortesgallardo@gmail.com
[info] [Firebase Plugin] (Core:Project) New user detected, fetching projects
[debug] [2026-06-12T10:38:07.890Z] Checked if tokens are valid: true, expires at: 1781264192746
[debug] [2026-06-12T10:38:07.890Z] >>> [apiv2][query] GET https://firebase.googleapis.com/v1beta1/projects pageSize=1000
[debug] [2026-06-12T10:38:07.893Z] [Firebase Plugin] VSCode notification server listening on port 40001
[info] [Firebase Plugin] Starting SQL Connect toolkit (version 3.4.10) on port 50001
[debug] [2026-06-12T10:38:08.061Z] 'fdc build' failed with error: Unable to build your SQL Connect schema and connectors (exit code 1): E0612 06:38:08.060135    1817 cmd.go:43] Error loading data connect config: could not find dataconnect.yaml in `/Users/nicolascortes/Desktop/Proyectos/pos-market-app/dataconnect`
 {"metadata":{"emulator":{"name":"dataconnect"},"message":"'fdc build' failed with error: Unable to build your SQL Connect schema and connectors (exit code 1): E0612 06:38:08.060135    1817 cmd.go:43] Error loading data connect config: could not find dataconnect.yaml in `/Users/nicolascortes/Desktop/Proyectos/pos-market-app/dataconnect`\n"}}
[debug] [2026-06-12T10:38:08.061Z] Ignoring unsupported arg: auto_download {"metadata":{"emulator":{"name":"dataconnect"},"message":"Ignoring unsupported arg: auto_download"}}
[debug] [2026-06-12T10:38:08.061Z] Ignoring unsupported arg: port {"metadata":{"emulator":{"name":"dataconnect"},"message":"Ignoring unsupported arg: port"}}
[debug] [2026-06-12T10:38:08.062Z] Starting SQL Connect Emulator with command {"binary":"/Users/nicolascortes/.cache/firebase/emulators/dataconnect-emulator-3.4.10","args":["--logtostderr","-v=2","dev","--listen=localhost:50001","--config_dir=/Users/nicolascortes/Desktop/Proyectos/pos-market-app/dataconnect","--enable_output_schema_extensions=true","--enable_output_generated_sdk=true"],"optionalArgs":["listen","config_dir","enable_output_schema_extensions","enable_output_generated_sdk"],"joinArgs":true,"shell":false,"port":9399} {"metadata":{"emulator":{"name":"dataconnect"},"message":"Starting SQL Connect Emulator with command {\"binary\":\"/Users/nicolascortes/.cache/firebase/emulators/dataconnect-emulator-3.4.10\",\"args\":[\"--logtostderr\",\"-v=2\",\"dev\",\"--listen=localhost:50001\",\"--config_dir=/Users/nicolascortes/Desktop/Proyectos/pos-market-app/dataconnect\",\"--enable_output_schema_extensions=true\",\"--enable_output_generated_sdk=true\"],\"optionalArgs\":[\"listen\",\"config_dir\",\"enable_output_schema_extensions\",\"enable_output_generated_sdk\"],\"joinArgs\":true,\"shell\":false,\"port\":9399}"}}
[info] i  dataconnect: SQL Connect Emulator logging to dataconnect-debug.log {"metadata":{"emulator":{"name":"dataconnect"},"message":"SQL Connect Emulator logging to dataconnect-debug.log"}}
[debug] [2026-06-12T10:38:08.075Z] E0612 06:38:08.075170    1818 dev.go:83] Failed to load initial config from "/Users/nicolascortes/Desktop/Proyectos/pos-market-app/dataconnect": could not find dataconnect.yaml in `/Users/nicolascortes/Desktop/Proyectos/pos-market-app/dataconnect`
 {"metadata":{"emulator":{"name":"dataconnect"},"message":"E0612 06:38:08.075170    1818 dev.go:83] Failed to load initial config from \"/Users/nicolascortes/Desktop/Proyectos/pos-market-app/dataconnect\": could not find dataconnect.yaml in `/Users/nicolascortes/Desktop/Proyectos/pos-market-app/dataconnect`\n"}}
[debug] [2026-06-12T10:38:08.077Z] E0612 06:38:08.076979    1818 watch.go:116] watchAllDir unable to walk dir `/Users/nicolascortes/Desktop/Proyectos/pos-market-app/dataconnect`: lstat /Users/nicolascortes/Desktop/Proyectos/pos-market-app/dataconnect: no such file or directory
 {"metadata":{"emulator":{"name":"dataconnect"},"message":"E0612 06:38:08.076979    1818 watch.go:116] watchAllDir unable to walk dir `/Users/nicolascortes/Desktop/Proyectos/pos-market-app/dataconnect`: lstat /Users/nicolascortes/Desktop/Proyectos/pos-market-app/dataconnect: no such file or directory\n"}}
[debug] [2026-06-12T10:38:08.078Z] I0612 06:38:08.078376    1818 dev.go:104] Listening on address (HTTP + gRPC): 127.0.0.1:50001
 {"metadata":{"emulator":{"name":"dataconnect"},"message":"I0612 06:38:08.078376    1818 dev.go:104] Listening on address (HTTP + gRPC): 127.0.0.1:50001\n"}}
[debug] [2026-06-12T10:38:08.928Z] <<< [apiv2][status] GET https://firebase.googleapis.com/v1beta1/projects 200
[debug] [2026-06-12T10:38:08.928Z] <<< [apiv2][body] GET https://firebase.googleapis.com/v1beta1/projects [omitted]
[debug] [2026-06-12T10:38:18.080Z] E0612 06:38:18.080156    1818 watch.go:40] Failed to load config from "/Users/nicolascortes/Desktop/Proyectos/pos-market-app/dataconnect": could not find dataconnect.yaml in `/Users/nicolascortes/Desktop/Proyectos/pos-market-app/dataconnect`
 {"metadata":{"emulator":{"name":"dataconnect"},"message":"E0612 06:38:18.080156    1818 watch.go:40] Failed to load config from \"/Users/nicolascortes/Desktop/Proyectos/pos-market-app/dataconnect\": could not find dataconnect.yaml in `/Users/nicolascortes/Desktop/Proyectos/pos-market-app/dataconnect`\n"}}
[error] [Firebase Plugin] error:  {}
[debug] [2026-06-12T10:38:28.078Z] E0612 06:38:28.078343    1818 watch.go:40] Failed to load config from "/Users/nicolascortes/Desktop/Proyectos/pos-market-app/dataconnect": could not find dataconnect.yaml in `/Users/nicolascortes/Desktop/Proyectos/pos-market-app/dataconnect`
 {"metadata":{"emulator":{"name":"dataconnect"},"message":"E0612 06:38:28.078343    1818 watch.go:40] Failed to load config from \"/Users/nicolascortes/Desktop/Proyectos/pos-market-app/dataconnect\": could not find dataconnect.yaml in `/Users/nicolascortes/Desktop/Proyectos/pos-market-app/dataconnect`\n"}}
[debug] [2026-06-12T10:38:38.078Z] E0612 06:38:38.077867    1818 watch.go:40] Failed to load config from "/Users/nicolascortes/Desktop/Proyectos/pos-market-app/dataconnect": could not find dataconnect.yaml in `/Users/nicolascortes/Desktop/Proyectos/pos-market-app/dataconnect`
 {"metadata":{"emulator":{"name":"dataconnect"},"message":"E0612 06:38:38.077867    1818 watch.go:40] Failed to load config from \"/Users/nicolascortes/Desktop/Proyectos/pos-market-app/dataconnect\": could not find dataconnect.yaml in `/Users/nicolascortes/Desktop/Proyectos/pos-market-app/dataconnect`\n"}}
[debug] [2026-06-12T10:38:48.078Z] E0612 06:38:48.078161    1818 watch.go:40] Failed to load config from "/Users/nicolascortes/Desktop/Proyectos/pos-market-app/dataconnect": could not find dataconnect.yaml in `/Users/nicolascortes/Desktop/Proyectos/pos-market-app/dataconnect`
 {"metadata":{"emulator":{"name":"dataconnect"},"message":"E0612 06:38:48.078161    1818 watch.go:40] Failed to load config from \"/Users/nicolascortes/Desktop/Proyectos/pos-market-app/dataconnect\": could not find dataconnect.yaml in `/Users/nicolascortes/Desktop/Proyectos/pos-market-app/dataconnect`\n"}}
[debug] [2026-06-12T10:38:58.078Z] E0612 06:38:58.078294    1818 watch.go:40] Failed to load config from "/Users/nicolascortes/Desktop/Proyectos/pos-market-app/dataconnect": could not find dataconnect.yaml in `/Users/nicolascortes/Desktop/Proyectos/pos-market-app/dataconnect`
 {"metadata":{"emulator":{"name":"dataconnect"},"message":"E0612 06:38:58.078294    1818 watch.go:40] Failed to load config from \"/Users/nicolascortes/Desktop/Proyectos/pos-market-app/dataconnect\": could not find dataconnect.yaml in `/Users/nicolascortes/Desktop/Proyectos/pos-market-app/dataconnect`\n"}}
